\BOOKMARK [1][-]{section.1}{\376\377\000V\000e\000r\000s\000i\000o\000n\000\040\000H\000i\000s\000t\000o\000r\000y}{}% 1
\BOOKMARK [1][-]{section.2}{\376\377\000C\000o\000n\000t\000r\000i\000b\000u\000t\000o\000r\000s}{}% 2
\BOOKMARK [1][-]{section.3}{\376\377\000I\000n\000t\000r\000o\000d\000u\000c\000t\000i\000o\000n}{}% 3
\BOOKMARK [2][-]{subsection.3.1}{\376\377\000V\000e\000r\000s\000i\000o\000n\000s}{section.3}% 4
\BOOKMARK [2][-]{subsection.3.2}{\376\377\000O\000t\000h\000e\000r\000\040\000R\000e\000s\000o\000u\000r\000c\000e\000s}{section.3}% 5
\BOOKMARK [2][-]{subsection.3.3}{\376\377\000G\000e\000t\000t\000i\000n\000g\000\040\000a\000n\000d\000\040\000I\000n\000s\000t\000a\000l\000l\000i\000n\000g\000\040\000P\000r\000a\000a\000t}{section.3}% 6
\BOOKMARK [2][-]{subsection.3.4}{\376\377\000U\000s\000i\000n\000g\000\040\000t\000h\000i\000s\000\040\000g\000u\000i\000d\000e}{section.3}% 7
\BOOKMARK [1][-]{section.4}{\376\377\000A\000b\000o\000u\000t\000\040\000P\000r\000a\000a\000t}{}% 8
\BOOKMARK [2][-]{subsection.4.1}{\376\377\000P\000r\000a\000a\000t\000\040\000W\000i\000n\000d\000o\000w\000s}{section.4}% 9
\BOOKMARK [1][-]{section.5}{\376\377\000R\000e\000c\000o\000r\000d\000i\000n\000g\000\040\000S\000o\000u\000n\000d\000s}{}% 10
\BOOKMARK [2][-]{subsection.5.1}{\376\377\000M\000o\000n\000o\000\040\000v\000s\000.\000\040\000S\000t\000e\000r\000e\000o\000\040\000R\000e\000c\000o\000r\000d\000i\000n\000g}{section.5}% 11
\BOOKMARK [1][-]{section.6}{\376\377\000O\000p\000e\000n\000i\000n\000g\000\040\000a\000n\000d\000\040\000S\000a\000v\000i\000n\000g\000\040\000F\000i\000l\000e\000s\000\175}{}% 12
\BOOKMARK [2][-]{subsection.6.1}{\376\377\000O\000p\000e\000n\000i\000n\000g\000\040\000F\000i\000l\000e\000s}{section.6}% 13
\BOOKMARK [3][-]{subsubsection.6.1.1}{\376\377\000W\000o\000r\000k\000i\000n\000g\000\040\000w\000i\000t\000h\000\040\000l\000o\000n\000g\000e\000r\000\040\000s\000o\000u\000n\000d\000\040\000f\000i\000l\000e\000s}{subsection.6.1}% 14
\BOOKMARK [2][-]{subsection.6.2}{\376\377\000P\000l\000a\000y\000i\000n\000g\000\040\000F\000i\000l\000e\000s}{section.6}% 15
\BOOKMARK [2][-]{subsection.6.3}{\376\377\000S\000a\000v\000i\000n\000g\000\040\000F\000i\000l\000e\000s}{section.6}% 16
\BOOKMARK [1][-]{section.7}{\376\377\000P\000h\000o\000n\000e\000t\000i\000c\000\040\000M\000e\000a\000s\000u\000r\000e\000m\000e\000n\000t\000\040\000a\000n\000d\000\040\000A\000n\000a\000l\000y\000s\000i\000s\000\040\000i\000n\000\040\000P\000r\000a\000a\000t}{}% 17
\BOOKMARK [2][-]{subsection.7.1}{\376\377\000W\000o\000r\000k\000i\000n\000g\000\040\000w\000i\000t\000h\000\040\000P\000r\000a\000a\000t\000\040\000W\000a\000v\000e\000f\000o\000r\000m\000s\000\040\000a\000n\000d\000\040\000S\000p\000e\000c\000t\000r\000o\000g\000r\000a\000m\000s}{section.7}% 18
\BOOKMARK [3][-]{subsubsection.7.1.1}{\376\377\000P\000u\000l\000l\000i\000n\000g\000\040\000o\000u\000t\000\040\000a\000\040\000s\000m\000a\000l\000l\000e\000r\000\040\000s\000e\000c\000t\000i\000o\000n\000\040\000o\000f\000\040\000t\000h\000e\000\040\000f\000i\000l\000e\000\040\000f\000o\000r\000\040\000a\000n\000a\000l\000y\000s\000i\000s}{subsection.7.1}% 19
\BOOKMARK [2][-]{subsection.7.2}{\376\377\000A\000d\000j\000u\000s\000t\000i\000n\000g\000\040\000t\000h\000e\000\040\000S\000p\000e\000c\000t\000r\000o\000g\000r\000a\000m\000\040\000s\000e\000t\000t\000i\000n\000g\000s}{section.7}% 20
\BOOKMARK [3][-]{subsubsection.7.2.1}{\376\377\000N\000a\000r\000r\000o\000w\000b\000a\000n\000d\000\040\000v\000s\000.\000\040\000B\000r\000o\000a\000d\000b\000a\000n\000d\000\040\000S\000p\000e\000c\000t\000r\000o\000g\000r\000a\000m\000s}{subsection.7.2}% 21
\BOOKMARK [2][-]{subsection.7.3}{\376\377\000M\000e\000a\000s\000u\000r\000i\000n\000g\000\040\000D\000u\000r\000a\000t\000i\000o\000n}{section.7}% 22
\BOOKMARK [3][-]{subsubsection.7.3.1}{\376\377\000M\000e\000a\000s\000u\000r\000i\000n\000g\000\040\000V\000o\000i\000c\000e\000\040\000O\000n\000s\000e\000t\000\040\000T\000i\000m\000e\000\040\000\050\000V\000O\000T\000\051}{subsection.7.3}% 23
\BOOKMARK [2][-]{subsection.7.4}{\376\377\000E\000x\000a\000m\000i\000n\000i\000n\000g\000\040\000a\000n\000d\000\040\000m\000e\000a\000s\000u\000r\000i\000n\000g\000\040\000F\0000\000/\000P\000i\000t\000c\000h}{section.7}% 24
\BOOKMARK [3][-]{subsubsection.7.4.1}{\376\377\000M\000e\000a\000s\000u\000r\000i\000n\000g\000\040\000F\0000\000\040\000f\000r\000o\000m\000\040\000a\000\040\000s\000i\000n\000g\000l\000e\000\040\000c\000y\000c\000l\000e}{subsection.7.4}% 25
\BOOKMARK [3][-]{subsubsection.7.4.2}{\376\377\000V\000i\000e\000w\000i\000n\000g\000\040\000P\000i\000t\000c\000h\000\040\000v\000i\000a\000\040\000a\000\040\000n\000a\000r\000r\000o\000w\000b\000a\000n\000d\000\040\000s\000p\000e\000c\000t\000r\000o\000g\000r\000a\000m}{subsection.7.4}% 26
\BOOKMARK [3][-]{subsubsection.7.4.3}{\376\377\000U\000s\000i\000n\000g\000\040\000P\000r\000a\000a\000t\000'\000s\000\040\000P\000i\000t\000c\000h\000\040\000T\000r\000a\000c\000k\000i\000n\000g}{subsection.7.4}% 27
\BOOKMARK [3][-]{subsubsection.7.4.4}{\376\377\000I\000m\000p\000r\000o\000v\000i\000n\000g\000\040\000P\000i\000t\000c\000h\000\040\000t\000r\000a\000c\000k\000i\000n\000g\000\040\000b\000y\000\040\000c\000h\000a\000n\000g\000i\000n\000g\000\040\000t\000h\000e\000\040\000P\000i\000t\000c\000h\000\040\000S\000e\000t\000t\000i\000n\000g\000s}{subsection.7.4}% 28
\BOOKMARK [3][-]{subsubsection.7.4.5}{\376\377\000S\000c\000r\000i\000p\000t\000i\000n\000g\000:\000\040\000C\000r\000e\000a\000t\000i\000n\000g\000\040\000a\000\040\000P\000i\000t\000c\000h\000\040\000O\000b\000j\000e\000c\000t}{subsection.7.4}% 29
\BOOKMARK [3][-]{subsubsection.7.4.6}{\376\377\000G\000e\000t\000t\000i\000n\000g\000\040\000M\000a\000x\000i\000m\000u\000m\000,\000\040\000M\000i\000n\000i\000m\000u\000m\000,\000\040\000a\000n\000d\000\040\000A\000v\000e\000r\000a\000g\000e\000\040\000p\000i\000t\000c\000h\000\040\000f\000o\000r\000\040\000a\000\040\000s\000e\000c\000t\000i\000o\000n\000\040\000o\000f\000\040\000s\000p\000e\000e\000c\000h}{subsection.7.4}% 30
\BOOKMARK [2][-]{subsection.7.5}{\376\377\000M\000e\000a\000s\000u\000r\000i\000n\000g\000\040\000P\000u\000l\000s\000e\000s\000,\000\040\000J\000i\000t\000t\000e\000r\000,\000\040\000S\000h\000i\000m\000m\000e\000r\000,\000\040\000a\000n\000d\000\040\000H\000a\000r\000m\000o\000n\000i\000c\000s\000-\000t\000o\000-\000n\000o\000i\000s\000e\000\040\000r\000a\000t\000i\000o}{section.7}% 31
\BOOKMARK [2][-]{subsection.7.6}{\376\377\000M\000e\000a\000s\000u\000r\000i\000n\000g\000\040\000F\000o\000r\000m\000a\000n\000t\000s}{section.7}% 32
\BOOKMARK [3][-]{subsubsection.7.6.1}{\376\377\000U\000s\000i\000n\000g\000\040\000t\000h\000e\000\040\000F\000o\000r\000m\000a\000n\000t\000\040\000t\000o\000o\000l\000s\000\040\000i\000n\000\040\000t\000h\000e\000\040\000E\000d\000i\000t\000o\000r\000\040\000w\000i\000n\000d\000o\000w}{subsection.7.6}% 33
\BOOKMARK [3][-]{subsubsection.7.6.2}{\376\377\000I\000m\000p\000r\000o\000v\000i\000n\000g\000\040\000F\000o\000r\000m\000a\000n\000t\000\040\000F\000i\000n\000d\000i\000n\000g\000\040\000r\000e\000s\000u\000l\000t\000s}{subsection.7.6}% 34
\BOOKMARK [3][-]{subsubsection.7.6.3}{\376\377\000S\000c\000r\000i\000p\000t\000i\000n\000g\000\040\000O\000n\000l\000y\000:\000\040\000F\000o\000r\000m\000a\000n\000t\000\040\000O\000b\000j\000e\000c\000t\000s}{subsection.7.6}% 35
\BOOKMARK [2][-]{subsection.7.7}{\376\377\000M\000e\000a\000s\000u\000r\000i\000n\000g\000\040\000I\000n\000t\000e\000n\000s\000i\000t\000y\000/\000A\000m\000p\000l\000i\000t\000u\000d\000e}{section.7}% 36
\BOOKMARK [3][-]{subsubsection.7.7.1}{\376\377\000U\000n\000i\000t\000s\000\040\000o\000f\000\040\000I\000n\000t\000e\000n\000s\000i\000t\000y\000\040\000\050\000d\000B\000\040\000v\000s\000.\000\040\000P\000a\000s\000c\000a\000l\000\051}{subsection.7.7}% 37
\BOOKMARK [2][-]{subsection.7.8}{\376\377\000W\000o\000r\000k\000i\000n\000g\000\040\000w\000i\000t\000h\000\040\000S\000p\000e\000c\000t\000r\000a}{section.7}% 38
\BOOKMARK [2][-]{subsection.7.9}{\376\377\000T\000a\000k\000i\000n\000g\000\040\000a\000\040\000s\000p\000e\000c\000t\000r\000a\000l\000\040\000s\000l\000i\000c\000e}{section.7}% 39
\BOOKMARK [2][-]{subsection.7.10}{\376\377\000M\000e\000a\000s\000u\000r\000i\000n\000g\000\040\000H\000a\000r\000m\000o\000n\000i\000c\000\040\000A\000m\000p\000l\000i\000t\000u\000d\000e\000,\000\040\000F\000r\000e\000q\000u\000e\000n\000c\000y}{section.7}% 40
\BOOKMARK [2][-]{subsection.7.11}{\376\377\000M\000e\000a\000s\000u\000r\000i\000n\000g\000\040\000C\000r\000e\000a\000k\000i\000n\000e\000s\000s\000\040\000a\000n\000d\000\040\000B\000r\000e\000a\000t\000h\000i\000n\000e\000s\000s\000\040\000u\000s\000i\000n\000g\000\040\000S\000p\000e\000c\000t\000r\000a\000l\000\040\000T\000i\000l\000t}{section.7}% 41
\BOOKMARK [2][-]{subsection.7.12}{\376\377\000M\000e\000a\000s\000u\000r\000i\000n\000g\000\040\000N\000a\000s\000a\000l\000i\000t\000y\000\040\000u\000s\000i\000n\000g\000\040\000A\0001\000-\000P\0000}{section.7}% 42
\BOOKMARK [2][-]{subsection.7.13}{\376\377\000M\000e\000a\000s\000u\000r\000i\000n\000g\000\040\000S\000p\000e\000c\000t\000r\000a\000l\000\040\000C\000e\000n\000t\000e\000r\000\040\000o\000f\000\040\000G\000r\000a\000v\000i\000t\000y}{section.7}% 43
\BOOKMARK [1][-]{section.8}{\376\377\000C\000r\000e\000a\000t\000i\000n\000g\000\040\000a\000n\000d\000\040\000m\000a\000n\000i\000p\000u\000l\000a\000t\000i\000n\000g\000\040\000s\000o\000u\000n\000d\000\040\000F\000i\000l\000e\000s\000\040\000i\000n\000\040\000P\000r\000a\000a\000t}{}% 44
\BOOKMARK [2][-]{subsection.8.1}{\376\377\000C\000r\000e\000a\000t\000i\000n\000g\000\040\000s\000o\000u\000n\000d\000s\000\040\000f\000r\000o\000m\000\040\000F\000o\000r\000m\000u\000l\000a}{section.8}% 45
\BOOKMARK [2][-]{subsection.8.2}{\376\377\000W\000o\000r\000k\000i\000n\000g\000\040\000w\000i\000t\000h\000\040\000S\000t\000e\000r\000e\000o\000\040\000F\000i\000l\000e\000s\000\040\000\050\000C\000o\000n\000v\000e\000r\000t\000i\000n\000g\000,\000\040\000C\000o\000m\000b\000i\000n\000i\000n\000g\000,\000\040\000a\000n\000d\000\040\000E\000x\000t\000r\000a\000c\000t\000i\000n\000g\000\040\000c\000h\000a\000n\000n\000e\000l\000s\000\051}{section.8}% 46
\BOOKMARK [3][-]{subsubsection.8.2.1}{\376\377\000C\000o\000n\000v\000e\000r\000t\000i\000n\000g\000\040\000a\000\040\000s\000i\000n\000g\000l\000e\000\040\000s\000t\000e\000r\000e\000o\000\040\000f\000i\000l\000e\000\040\000i\000n\000t\000o\000\040\000a\000\040\000s\000i\000n\000g\000l\000e\000\040\000m\000o\000n\000o\000\040\000f\000i\000l\000e}{subsection.8.2}% 47
\BOOKMARK [3][-]{subsubsection.8.2.2}{\376\377\000E\000x\000t\000r\000a\000c\000t\000i\000n\000g\000\040\000a\000\040\000s\000t\000e\000r\000e\000o\000\040\000f\000i\000l\000e\000'\000s\000\040\000t\000w\000o\000\040\000c\000h\000a\000n\000n\000e\000l\000s\000\040\000i\000n\000t\000o\000\040\000s\000e\000p\000a\000r\000a\000t\000e\000\040\000m\000o\000n\000o\000\040\000f\000i\000l\000e\000s}{subsection.8.2}% 48
\BOOKMARK [3][-]{subsubsection.8.2.3}{\376\377\000C\000o\000m\000b\000i\000n\000i\000n\000g\000\040\000t\000w\000o\000\040\000m\000o\000n\000o\000\040\000s\000o\000u\000n\000d\000s\000\040\000i\000n\000t\000o\000\040\000o\000n\000e\000\040\000s\000t\000e\000r\000e\000o\000\040\000s\000o\000u\000n\000d}{subsection.8.2}% 49
\BOOKMARK [2][-]{subsection.8.3}{\376\377\000C\000r\000o\000p\000p\000i\000n\000g\000,\000\040\000C\000o\000p\000y\000i\000n\000g\000,\000\040\000S\000p\000l\000i\000c\000i\000n\000g\000\040\000a\000n\000d\000\040\000P\000a\000s\000t\000i\000n\000g}{section.8}% 50
\BOOKMARK [2][-]{subsection.8.4}{\376\377\000S\000a\000m\000p\000l\000i\000n\000g\000\040\000r\000a\000t\000e\000s\000\040\000a\000n\000d\000\040\000R\000e\000s\000a\000m\000p\000l\000i\000n\000g}{section.8}% 51
\BOOKMARK [2][-]{subsection.8.5}{\376\377\000F\000i\000l\000t\000e\000r\000i\000n\000g\000\040\000S\000o\000u\000n\000d\000s}{section.8}% 52
\BOOKMARK [3][-]{subsubsection.8.5.1}{\376\377\000L\000o\000w\000-\000p\000a\000s\000s\000\040\000f\000i\000l\000t\000e\000r\000i\000n\000g}{subsection.8.5}% 53
\BOOKMARK [3][-]{subsubsection.8.5.2}{\376\377\000H\000i\000g\000h\000-\000p\000a\000s\000s\000\040\000f\000i\000l\000t\000e\000r\000i\000n\000g}{subsection.8.5}% 54
\BOOKMARK [3][-]{subsubsection.8.5.3}{\376\377\000B\000a\000n\000d\000-\000p\000a\000s\000s\000\040\000\050\000n\000o\000t\000c\000h\000\051\000\040\000f\000i\000l\000t\000e\000r\000i\000n\000g}{subsection.8.5}% 55
\BOOKMARK [2][-]{subsection.8.6}{\376\377\000M\000a\000n\000i\000p\000u\000l\000a\000t\000i\000n\000g\000\040\000S\000p\000e\000c\000t\000r\000a\000l\000\040\000T\000i\000l\000t}{section.8}% 56
\BOOKMARK [2][-]{subsection.8.7}{\376\377\000P\000i\000t\000c\000h\000\040\000M\000a\000n\000i\000p\000u\000l\000a\000t\000i\000o\000n\000\040\000\050\000T\000o\000\040\000M\000a\000n\000i\000p\000u\000l\000a\000t\000i\000o\000n\040\046\000\051}{section.8}% 57
\BOOKMARK [2][-]{subsection.8.8}{\376\377\000M\000a\000t\000c\000h\000i\000n\000g\000\040\000t\000h\000e\000\040\000p\000i\000t\000c\000h\000\040\000t\000r\000a\000c\000k\000s\000\040\000o\000f\000\040\000t\000w\000o\000\040\000s\000o\000u\000n\000d\000s}{section.8}% 58
\BOOKMARK [2][-]{subsection.8.9}{\376\377\000M\000a\000n\000i\000p\000u\000l\000a\000t\000i\000n\000g\000\040\000D\000u\000r\000a\000t\000i\000o\000n\000\040\000\050\000S\000l\000o\000w\000i\000n\000g\000\040\000D\000o\000w\000n\000\040\000a\000n\000d\000\040\000S\000p\000e\000e\000d\000i\000n\000g\000\040\000U\000p\000\040\000S\000o\000u\000n\000d\000s\000\051}{section.8}% 59
\BOOKMARK [3][-]{subsubsection.8.9.1}{\376\377\000M\000o\000d\000i\000f\000y\000i\000n\000g\000\040\000D\000u\000r\000a\000t\000i\000o\000n\000\040\000b\000y\000\040\000S\000c\000r\000i\000p\000t}{subsection.8.9}% 60
\BOOKMARK [2][-]{subsection.8.10}{\376\377\000S\000c\000a\000l\000i\000n\000g\000\040\000a\000n\000d\000\040\000M\000a\000t\000c\000h\000i\000n\000g\000\040\000I\000n\000t\000e\000n\000s\000i\000t\000y}{section.8}% 61
\BOOKMARK [2][-]{subsection.8.11}{\376\377\000C\000o\000n\000c\000a\000t\000e\000n\000a\000t\000i\000n\000g\000\040\000S\000o\000u\000n\000d\000s}{section.8}% 62
\BOOKMARK [2][-]{subsection.8.12}{\376\377\000C\000o\000m\000b\000i\000n\000i\000n\000g\000\040\000S\000o\000u\000n\000d\000s}{section.8}% 63
\BOOKMARK [2][-]{subsection.8.13}{\376\377\000F\000o\000r\000m\000u\000l\000a\000\040\000M\000o\000d\000i\000f\000i\000c\000a\000t\000i\000o\000n\000:\000\040\000W\000a\000v\000e\000f\000o\000r\000m\000\040\000a\000d\000d\000i\000t\000i\000o\000n\000,\000\040\000s\000u\000b\000t\000r\000a\000c\000t\000i\000o\000n\000\040\000a\000n\000d\000\040\000s\000o\000\040\000m\000u\000c\000h\000\040\000m\000o\000r\000e}{section.8}% 64
\BOOKMARK [3][-]{subsubsection.8.13.1}{\376\377\000O\000n\000e\000-\000B\000i\000t\000\040\000R\000e\000q\000u\000a\000n\000t\000i\000z\000a\000t\000i\000o\000n}{subsection.8.13}% 65
\BOOKMARK [2][-]{subsection.8.14}{\376\377\000S\000y\000n\000t\000h\000e\000s\000i\000z\000i\000n\000g\000\040\000S\000o\000u\000n\000d\000s\000\040\000f\000r\000o\000m\000\040\000s\000c\000r\000a\000t\000c\000h}{section.8}% 66
\BOOKMARK [2][-]{subsection.8.15}{\376\377\000S\000o\000u\000r\000c\000e\000-\000F\000i\000l\000t\000e\000r\000\040\000V\000o\000w\000e\000l\000\040\000R\000e\000s\000y\000n\000t\000h\000e\000s\000i\000s}{section.8}% 67
\BOOKMARK [3][-]{subsubsection.8.15.1}{\376\377\000T\000i\000p\000s\000\040\000f\000o\000r\000\040\000S\000o\000u\000r\000c\000e\000-\000F\000i\000l\000t\000e\000r\000\040\000V\000o\000w\000e\000l\000\040\000R\000e\000s\000y\000n\000t\000h\000e\000s\000i\000s}{subsection.8.15}% 68
\BOOKMARK [1][-]{section.9}{\376\377\000E\000x\000p\000o\000r\000t\000i\000n\000g\000\040\000i\000m\000a\000g\000e\000s\000\040\000f\000o\000r\000\040\000u\000s\000e\000\040\000a\000n\000d\000\040\000p\000u\000b\000l\000i\000c\000a\000t\000i\000o\000n}{}% 69
\BOOKMARK [2][-]{subsection.9.1}{\376\377\000C\000r\000e\000a\000t\000i\000n\000g\000\040\000C\000o\000m\000p\000l\000e\000x\000\040\000D\000i\000s\000p\000l\000a\000y\000s}{section.9}% 70
\BOOKMARK [3][-]{subsubsection.9.1.1}{\376\377\000O\000v\000e\000r\000l\000a\000y\000i\000n\000g\000\040\000P\000l\000o\000t\000s}{subsection.9.1}% 71
\BOOKMARK [3][-]{subsubsection.9.1.2}{\376\377\000M\000u\000l\000t\000i\000p\000l\000e\000\040\000P\000l\000o\000t\000s\000\040\000i\000n\000\040\000t\000h\000e\000\040\000P\000i\000c\000t\000u\000r\000e\000\040\000W\000i\000n\000d\000o\000w}{subsection.9.1}% 72
\BOOKMARK [1][-]{section.10}{\376\377\000A\000n\000n\000o\000t\000a\000t\000i\000n\000g\000\040\000S\000o\000u\000n\000d\000\040\000F\000i\000l\000e\000s\000\040\000\050\000P\000r\000a\000a\000t\000\040\000T\000e\000x\000t\000G\000r\000i\000d\000s\000\051}{}% 73
\BOOKMARK [1][-]{section.11}{\376\377\000U\000s\000i\000n\000g\000\040\000L\000o\000g\000\040\000F\000i\000l\000e\000s}{}% 74
\BOOKMARK [1][-]{section.12}{\376\377\000S\000c\000r\000i\000p\000t\000i\000n\000g\000\040\000i\000n\000\040\000P\000r\000a\000a\000t}{}% 75
\BOOKMARK [2][-]{subsection.12.1}{\376\377\000W\000h\000a\000t\000\040\000i\000s\000\040\000P\000r\000a\000a\000t\000\040\000s\000c\000r\000i\000p\000t\000i\000n\000g\000?}{section.12}% 76
\BOOKMARK [3][-]{subsubsection.12.1.1}{\376\377\000P\000r\000a\000a\000t\000\040\000S\000c\000r\000i\000p\000t\000i\000n\000g\000\040\000A\000l\000t\000e\000r\000n\000a\000t\000i\000v\000e\000s\000\040\000f\000o\000r\000\040\000c\000o\000m\000m\000o\000n\000\040\000t\000a\000s\000k\000s}{subsection.12.1}% 77
\BOOKMARK [3][-]{subsubsection.12.1.2}{\376\377\000P\000r\000a\000a\000t\000'\000s\000\040\000s\000c\000r\000i\000p\000t\000i\000n\000g\000\040\000t\000u\000t\000o\000r\000i\000a\000l\000s}{subsection.12.1}% 78
\BOOKMARK [3][-]{subsubsection.12.1.3}{\376\377\000P\000r\000a\000a\000t\000\040\000s\000c\000r\000i\000p\000t\000s\000\040\000v\000s\000.\000\040\000E\000d\000i\000t\000o\000r\000\040\000s\000c\000r\000i\000p\000t\000s}{subsection.12.1}% 79
\BOOKMARK [2][-]{subsection.12.2}{\376\377\000W\000o\000r\000k\000i\000n\000g\000\040\000w\000i\000t\000h\000\040\000S\000c\000r\000i\000p\000t\000s}{section.12}% 80
\BOOKMARK [3][-]{subsubsection.12.2.1}{\376\377\000O\000p\000e\000n\000i\000n\000g\000\040\000a\000n\000d\000\040\000r\000u\000n\000n\000i\000n\000g\000\040\000a\000\040\000P\000r\000a\000a\000t\000\040\000s\000c\000r\000i\000p\000t}{subsection.12.2}% 81
\BOOKMARK [3][-]{subsubsection.12.2.2}{\376\377\000M\000a\000k\000i\000n\000g\000\040\000\050\000a\000n\000d\000\040\000r\000e\000m\000o\000v\000i\000n\000g\000\051\000\040\000M\000e\000n\000u\000\040\000S\000h\000o\000r\000t\000c\000u\000t\000s\000\040\000f\000o\000r\000\040\000s\000c\000r\000i\000p\000t\000s}{subsection.12.2}% 82
\BOOKMARK [3][-]{subsubsection.12.2.3}{\376\377\000`\000`\000T\000h\000e\000\040\000P\000r\000a\000a\000t\000\040\000s\000c\000r\000i\000p\000t\000\040\000I\000\040\000d\000o\000w\000n\000l\000o\000a\000d\000e\000d\000\040\000w\000o\000n\000'\000t\000\040\000r\000u\000n\000!\000'\000'}{subsection.12.2}% 83
\BOOKMARK [2][-]{subsection.12.3}{\376\377\000C\000r\000e\000a\000t\000i\000n\000g\000\040\000a\000\040\000n\000e\000w\000\040\000s\000c\000r\000i\000p\000t}{section.12}% 84
\BOOKMARK [3][-]{subsubsection.12.3.1}{\376\377\000U\000s\000i\000n\000g\000\040\000o\000t\000h\000e\000r\000\040\000t\000e\000x\000t\000\040\000e\000d\000i\000t\000o\000r\000s}{subsection.12.3}% 85
\BOOKMARK [3][-]{subsubsection.12.3.2}{\376\377\000F\000i\000l\000e\000n\000a\000m\000e\000s}{subsection.12.3}% 86
\BOOKMARK [3][-]{subsubsection.12.3.3}{\376\377\000A\000\040\000N\000o\000t\000e\000\040\000o\000n\000\040\000P\000r\000a\000a\000t\000\040\000S\000c\000r\000i\000p\000t\000\040\000C\000o\000m\000m\000a\000n\000d\000s}{subsection.12.3}% 87
\BOOKMARK [3][-]{subsubsection.12.3.4}{\376\377\000H\000o\000w\000\040\000t\000o\000\040\000m\000a\000g\000i\000c\000a\000l\000l\000y\000\040\000w\000r\000i\000t\000e\000\040\000a\000\040\000P\000r\000a\000a\000t\000\040\000s\000c\000r\000i\000p\000t\000\040\000\050\000u\000s\000i\000n\000g\000\040\000t\000h\000e\000\040\000P\000r\000a\000a\000t\000\040\000`\000`\000h\000i\000s\000t\000o\000r\000y\000'\000'\000\040\000f\000u\000n\000c\000t\000i\000o\000n\000\051}{subsection.12.3}% 88
\BOOKMARK [3][-]{subsubsection.12.3.5}{\376\377\000W\000r\000i\000t\000i\000n\000g\000\040\000y\000o\000u\000r\000\040\000f\000i\000r\000s\000t\000\040\000s\000i\000n\000g\000l\000e\000-\000c\000o\000m\000m\000a\000n\000d\000\040\000s\000c\000r\000i\000p\000t}{subsection.12.3}% 89
\BOOKMARK [3][-]{subsubsection.12.3.6}{\376\377\000S\000c\000r\000i\000p\000t\000s\000\040\000w\000i\000t\000h\000\040\000V\000a\000r\000i\000a\000b\000l\000e\000s}{subsection.12.3}% 90
\BOOKMARK [2][-]{subsection.12.4}{\376\377\000A\000b\000o\000u\000t\000\040\000t\000h\000e\000\040\000P\000r\000a\000a\000t\000\040\000S\000c\000r\000i\000p\000t\000i\000n\000g\000\040\000L\000a\000n\000g\000u\000a\000g\000e}{section.12}% 91
\BOOKMARK [3][-]{subsubsection.12.4.1}{\376\377\000`\000f\000o\000r\000'\000\040\000l\000o\000o\000p\000s}{subsection.12.4}% 92
\BOOKMARK [3][-]{subsubsection.12.4.2}{\376\377\000`\000i\000f\000'\000\040\000s\000t\000a\000t\000e\000m\000e\000n\000t\000s}{subsection.12.4}% 93
\BOOKMARK [3][-]{subsubsection.12.4.3}{\376\377\000`\000w\000h\000i\000l\000e\000'\000\040\000l\000o\000o\000p\000s}{subsection.12.4}% 94
\BOOKMARK [3][-]{subsubsection.12.4.4}{\376\377\000F\000o\000r\000m\000s}{subsection.12.4}% 95
\BOOKMARK [3][-]{subsubsection.12.4.5}{\376\377\000g\000o\000t\000o\000\040\000a\000n\000d\000\040\000l\000a\000b\000e\000l}{subsection.12.4}% 96
\BOOKMARK [3][-]{subsubsection.12.4.6}{\376\377\000C\000o\000m\000m\000e\000n\000t\000e\000d\000\040\000l\000i\000n\000e\000s\000\040\000\050\000\043\000\051}{subsection.12.4}% 97
\BOOKMARK [3][-]{subsubsection.12.4.7}{\376\377\000S\000c\000a\000l\000i\000n\000g\000\040\000s\000c\000r\000i\000p\000t\000s\000\040\000u\000p\000:\000\040\000n\000o\000w\000a\000r\000n\000,\000\040\000n\000o\000p\000r\000o\000g\000r\000e\000s\000s\000,\000\040\000a\000n\000d\000\040\000a\000v\000o\000i\000d\000i\000n\000g\000\040\000t\000h\000e\000\040\000e\000d\000i\000t\000o\000r\000\040\000w\000i\000n\000d\000o\000w}{subsection.12.4}% 98
\BOOKMARK [3][-]{subsubsection.12.4.8}{\376\377\000U\000s\000e\000f\000u\000l\000\040\000t\000i\000p\000s}{subsection.12.4}% 99
\BOOKMARK [3][-]{subsubsection.12.4.9}{\376\377\000E\000v\000e\000r\000y\000t\000h\000i\000n\000g\000\040\000E\000l\000s\000e}{subsection.12.4}% 100
\BOOKMARK [2][-]{subsection.12.5}{\376\377\000I\000n\000\040\000d\000e\000f\000e\000n\000s\000e\000\040\000o\000f\000\040\000C\000o\000d\000e\000\040\000C\000a\000n\000n\000i\000b\000a\000l\000i\000s\000m}{section.12}% 101
\BOOKMARK [2][-]{subsection.12.6}{\376\377\000C\000l\000o\000s\000i\000n\000g\000\040\000R\000e\000m\000a\000r\000k\000s\000\040\000o\000n\000\040\000P\000r\000a\000a\000t\000\040\000s\000c\000r\000i\000p\000t\000i\000n\000g}{section.12}% 102
\BOOKMARK [1][-]{section.13}{\376\377\000A\000d\000v\000a\000n\000c\000e\000d\000\040\000T\000e\000c\000h\000n\000i\000q\000u\000e\000s}{}% 103
\BOOKMARK [2][-]{subsection.13.1}{\376\377\000G\000e\000t\000t\000i\000n\000g\000\040\000A\000m\000p\000l\000i\000t\000u\000d\000e\000\040\000E\000n\000v\000e\000l\000o\000p\000e\000s\000\040\000a\000n\000d\000\040\000A\000M\000\040\000D\000e\000m\000o\000d\000u\000l\000a\000t\000i\000o\000n\000\040\000i\000n\000\040\000P\000r\000a\000a\000t}{section.13}% 104
\BOOKMARK [2][-]{subsection.13.2}{\376\377\000B\000r\000e\000a\000k\000i\000n\000g\000\040\000t\000h\000e\000\040\000`\000`\000S\000o\000u\000n\000d\000'\000'\000\040\000b\000a\000r\000r\000i\000e\000r\000:\000\040\000W\000o\000r\000k\000i\000n\000g\000\040\000w\000i\000t\000h\000\040\000a\000n\000a\000l\000y\000t\000i\000c\000a\000l\000\040\000`\000`\000s\000o\000u\000n\000d\000s\000'\000'\000\040\000i\000n\000\040\000P\000r\000a\000a\000t}{section.13}% 105
\BOOKMARK [1][-]{section.14}{\376\377\000C\000o\000n\000c\000l\000u\000s\000i\000o\000n}{}% 106
